>> Centroides de los clusters

 -0.746 -0.573  0.085  0.308 -0.648 -0.686  0.216  0.512 -0.787 -0.428  0.367  0.434 -0.196  0.077  0.360  0.273 -0.634  0.295  0.388 -0.719 -0.746 -0.573  0.085  0.308 -0.648 -0.686  0.216  0.512 -0.787 -0.428  0.367  0.434 -0.196  0.077  0.360  0.273 -0.634  0.295  0.388 -0.719
  0.491 -0.369 -0.383 -0.089 -0.320  0.313 -0.306 -0.665 -0.596 -0.202  0.712 -0.719 -0.472 -0.200  0.168  0.511 -0.586  0.469  0.130  0.506  0.491 -0.369 -0.383 -0.089 -0.320  0.313 -0.306 -0.665 -0.596 -0.202  0.712 -0.719 -0.472 -0.200  0.168  0.511 -0.586  0.469  0.130  0.506
 -0.140 -0.409 -0.494 -0.338  0.177 -0.296 -0.043  0.567 -0.209  0.331 -0.052 -0.316 -0.579  0.673 -0.122  0.185  0.075 -0.273 -0.136 -0.118 -0.140 -0.409 -0.494 -0.338  0.177 -0.296 -0.043  0.567 -0.209  0.331 -0.052 -0.316 -0.579  0.673 -0.122  0.185  0.075 -0.273 -0.136 -0.118
 -0.042  0.655  0.378  0.265 -0.741  0.144 -0.048 -0.199 -0.808  0.010  0.746  0.529  0.713  0.339 -0.293 -0.708  0.141 -0.351  0.394  0.810 -0.042  0.655  0.378  0.265 -0.741  0.144 -0.048 -0.199 -0.808  0.010  0.746  0.529  0.713  0.339 -0.293 -0.708  0.141 -0.351  0.394  0.810
  0.453  0.636 -0.012 -0.369 -0.336 -0.262  0.519 -0.479  0.209 -0.136 -0.753  0.503  0.028 -0.717 -0.571  0.358  0.601  0.606 -0.687  0.719  0.453  0.636 -0.012 -0.369 -0.336 -0.262  0.519 -0.479  0.209 -0.136 -0.753  0.503  0.028 -0.717 -0.571  0.358  0.601  0.606 -0.687  0.719
  0.239 -0.327 -0.443  0.127 -0.202 -0.285 -0.192  0.047  0.307 -0.214  0.229 -0.033  0.368  0.008  0.065 -0.047  0.184 -0.140  0.298  0.325  0.239 -0.327 -0.443  0.127 -0.202 -0.285 -0.192  0.047  0.307 -0.214  0.229 -0.033  0.368  0.008  0.065 -0.047  0.184 -0.140  0.298  0.325
 -0.216 -0.679  0.072  0.169  0.416  0.633 -0.001  0.025  0.527  0.227  0.432 -0.057 -0.159 -0.403 -0.095 -0.622  0.079 -0.040  0.188 -0.565 -0.216 -0.679  0.072  0.169  0.416  0.633 -0.001  0.025  0.527  0.227  0.432 -0.057 -0.159 -0.403 -0.095 -0.622  0.079 -0.040  0.188 -0.565
  0.434  0.640 -0.547 -0.439 -0.030  0.616  0.463  0.450 -0.329 -0.208  0.227  0.353  0.540 -0.535  0.786 -0.428  0.496 -0.457  0.263 -0.501  0.434  0.640 -0.547 -0.439 -0.030  0.616  0.463  0.450 -0.329 -0.208  0.227  0.353  0.540 -0.535  0.786 -0.428  0.496 -0.457  0.263 -0.501
  0.344 -0.717  0.599  0.603  0.160  0.573  0.066  0.382 -0.750  0.060 -0.399  0.546  0.719 -0.785  0.355 -0.154  0.754  0.493 -0.221 -0.310  0.344 -0.717  0.599  0.603  0.160  0.573  0.066  0.382 -0.750  0.060 -0.399  0.546  0.719 -0.785  0.355 -0.154  0.754  0.493 -0.221 -0.310
 -0.244 -0.036 -0.110 -0.059  0.523 -0.375  0.629 -0.372 -0.436 -0.474  0.268  0.649  0.632 -0.437 -0.085 -0.715 -0.472 -0.413  0.611  0.396 -0.244 -0.036 -0.110 -0.059  0.523 -0.375  0.629 -0.372 -0.436 -0.474  0.268  0.649  0.632 -0.437 -0.085 -0.715 -0.472 -0.413  0.611  0.396
  0.342 -0.104  0.331 -0.133 -0.205 -0.224 -0.009 -0.105 -0.236 -0.536 -0.394  0.270  0.513 -0.559 -0.358 -0.274 -0.105 -0.189 -0.518 -0.307  0.342 -0.104  0.331 -0.133 -0.205 -0.224 -0.009 -0.105 -0.236 -0.536 -0.394  0.270  0.513 -0.559 -0.358 -0.274 -0.105 -0.189 -0.518 -0.307
 -0.112  0.719 -0.291  0.333  0.625 -0.431  0.038 -0.131 -0.009  0.472  0.080 -0.468  0.700 -0.622  0.166 -0.671 -0.676 -0.548 -0.442  0.064 -0.112  0.719 -0.291  0.333  0.625 -0.431  0.038 -0.131 -0.009  0.472  0.080 -0.468  0.700 -0.622  0.166 -0.671 -0.676 -0.548 -0.442  0.064
  0.432  0.073 -0.284 -0.547 -0.579 -0.655  0.478  0.026  0.430 -0.573 -0.676  0.241 -0.406 -0.363  0.711  0.745 -0.640  0.648  0.656 -0.601  0.432  0.073 -0.284 -0.547 -0.579 -0.655  0.478  0.026  0.430 -0.573 -0.676  0.241 -0.406 -0.363  0.711  0.745 -0.640  0.648  0.656 -0.601
  0.124  0.287  0.057  0.568 -0.609 -0.276 -0.242  0.455 -0.052 -0.737 -0.679  0.252 -0.692 -0.464 -0.385  0.191 -0.514  0.052  0.023 -0.079  0.124  0.287  0.057  0.568 -0.609 -0.276 -0.242  0.455 -0.052 -0.737 -0.679  0.252 -0.692 -0.464 -0.385  0.191 -0.514  0.052  0.023 -0.079
  0.602  0.258  0.537 -0.487 -0.308  0.010  0.037  0.274  0.559 -0.545  0.456 -0.042  0.035  0.404 -0.405  0.707  0.085 -0.176  0.633  0.508  0.602  0.258  0.537 -0.487 -0.308  0.010  0.037  0.274  0.559 -0.545  0.456 -0.042  0.035  0.404 -0.405  0.707  0.085 -0.176  0.633  0.508
 -0.331 -0.650 -0.826 -0.727 -0.655 -0.209 -0.635  0.157 -0.543  0.571 -0.588  0.616 -0.807  0.317 -0.311  0.335  0.519 -0.032  0.051  0.824 -0.331 -0.650 -0.826 -0.727 -0.655 -0.209 -0.635  0.157 -0.543  0.571 -0.588  0.616 -0.807  0.317 -0.311  0.335  0.519 -0.032  0.051  0.824
 -0.105  0.524 -0.221 -0.670 -0.100  0.678 -0.256  0.444  0.714  0.547  0.673  0.223  0.107 -0.195  0.757  0.595  0.316 -0.445  0.401  0.151 -0.105  0.524 -0.221 -0.670 -0.100  0.678 -0.256  0.444  0.714  0.547  0.673  0.223  0.107 -0.195  0.757  0.595  0.316 -0.445  0.401  0.151
  0.303  0.719 -0.285 -0.624 -0.167  0.107 -0.569  0.060 -0.672 -0.669 -0.601 -0.614 -0.075  0.448 -0.606  0.371 -0.053  0.288  0.351 -0.408  0.303  0.719 -0.285 -0.624 -0.167  0.107 -0.569  0.060 -0.672 -0.669 -0.601 -0.614 -0.075  0.448 -0.606  0.371 -0.053  0.288  0.351 -0.408
  0.078 -0.296  0.634 -0.549  0.181  0.398 -0.208 -0.063 -0.693  0.097 -0.254  0.198  0.333  0.258 -0.153  0.575 -0.033  0.364  0.518 -0.095  0.078 -0.296  0.634 -0.549  0.181  0.398 -0.208 -0.063 -0.693  0.097 -0.254  0.198  0.333  0.258 -0.153  0.575 -0.033  0.364  0.518 -0.095
 -0.162 -0.473  0.351 -0.131  0.364 -0.288  0.595  0.185 -0.179  0.396 -0.213  0.565  0.335  0.121 -0.392  0.589 -0.468  0.292  0.346  0.254 -0.162 -0.473  0.351 -0.131  0.364 -0.288  0.595  0.185 -0.179  0.396 -0.213  0.565  0.335  0.121 -0.392  0.589 -0.468  0.292  0.346  0.254
 -0.320 -0.227  0.236  0.190 -0.707 -0.521  0.065  0.364  0.322  0.039  0.146 -0.463 -0.440 -0.350 -0.366 -0.235  0.479  0.369 -0.403 -0.302 -0.320 -0.227  0.236  0.190 -0.707 -0.521  0.065  0.364  0.322  0.039  0.146 -0.463 -0.440 -0.350 -0.366 -0.235  0.479  0.369 -0.403 -0.302
 -0.195 -0.602  0.366 -0.230 -0.481  0.160  0.005 -0.249  0.304 -0.509  0.129 -0.038 -0.413  0.593  0.210 -0.649  0.279  0.246  0.651 -0.061 -0.195 -0.602  0.366 -0.230 -0.481  0.160  0.005 -0.249  0.304 -0.509  0.129 -0.038 -0.413  0.593  0.210 -0.649  0.279  0.246  0.651 -0.061
 -0.025 -0.457  0.050 -0.104  0.590 -0.341 -0.403 -0.425 -0.721 -0.244 -0.309 -0.006 -0.274  0.144  0.180 -0.094 -0.292  0.363 -0.297 -0.426 -0.025 -0.457  0.050 -0.104  0.590 -0.341 -0.403 -0.425 -0.721 -0.244 -0.309 -0.006 -0.274  0.144  0.180 -0.094 -0.292  0.363 -0.297 -0.426
  0.634  0.052  0.555 -0.645  0.492 -0.077  0.448  0.661 -0.424 -0.809  0.626  0.448  0.758  0.633  0.803 -0.236 -0.550  0.276 -0.687  0.686  0.634  0.052  0.555 -0.645  0.492 -0.077  0.448  0.661 -0.424 -0.809  0.626  0.448  0.758  0.633  0.803 -0.236 -0.550  0.276 -0.687  0.686
  0.444 -0.421 -0.324 -0.393 -0.483  0.650  0.665 -0.432  0.090  0.340 -0.384 -0.306  0.225  0.236 -0.390  0.005 -0.051  0.274 -0.096 -0.156  0.444 -0.421 -0.324 -0.393 -0.483  0.650  0.665 -0.432  0.090  0.340 -0.384 -0.306  0.225  0.236 -0.390  0.005 -0.051  0.274 -0.096 -0.156
  0.323  0.764 -0.447 -0.644 -0.271 -0.562 -0.455  0.210 -0.242 -0.468 -0.740 -0.663 -0.189  0.379  0.635 -0.456  0.306 -0.216  0.312  0.769  0.323  0.764 -0.447 -0.644 -0.271 -0.562 -0.455  0.210 -0.242 -0.468 -0.740 -0.663 -0.189  0.379  0.635 -0.456  0.306 -0.216  0.312  0.769
 -0.406 -0.104  0.101 -0.089 -0.452  0.052  0.428 -0.019  0.133  0.330  0.496 -0.423  0.621 -0.485  0.665 -0.020  0.427 -0.042 -0.585 -0.476 -0.406 -0.104  0.101 -0.089 -0.452  0.052  0.428 -0.019  0.133  0.330  0.496 -0.423  0.621 -0.485  0.665 -0.020  0.427 -0.042 -0.585 -0.476
 -0.453 -0.101  0.232 -0.541  0.324 -0.643  0.585 -0.082  0.044 -0.556 -0.033  0.242 -0.369  0.407 -0.044 -0.036  0.140 -0.140 -0.001  0.387 -0.453 -0.101  0.232 -0.541  0.324 -0.643  0.585 -0.082  0.044 -0.556 -0.033  0.242 -0.369  0.407 -0.044 -0.036  0.140 -0.140 -0.001  0.387
 -0.189  0.184  0.755 -0.280 -0.732 -0.160 -0.250 -0.408 -0.352  0.374  0.477  0.341 -0.756 -0.215 -0.239 -0.767  0.246 -0.145 -0.572 -0.688 -0.189  0.184  0.755 -0.280 -0.732 -0.160 -0.250 -0.408 -0.352  0.374  0.477  0.341 -0.756 -0.215 -0.239 -0.767  0.246 -0.145 -0.572 -0.688
 -0.010  0.651 -0.372  0.531  0.058  0.032  0.264  0.037  0.232 -0.125 -0.148 -0.017 -0.361  0.704 -0.417  0.004 -0.473  0.552  0.401 -0.446 -0.010  0.651 -0.372  0.531  0.058  0.032  0.264  0.037  0.232 -0.125 -0.148 -0.017 -0.361  0.704 -0.417  0.004 -0.473  0.552  0.401 -0.446
  0.665 -0.043  0.427  0.585  0.242 -0.089 -0.496  0.110 -0.573  0.113 -0.416 -0.337  0.158 -0.493 -0.227 -0.550 -0.388 -0.387  0.213 -0.401  0.665 -0.043  0.427  0.585  0.242 -0.089 -0.496  0.110 -0.573  0.113 -0.416 -0.337  0.158 -0.493 -0.227 -0.550 -0.388 -0.387  0.213 -0.401
  0.067  0.411 -0.371 -0.101  0.148 -0.204 -0.210 -0.258  0.288  0.459 -0.114  0.429 -0.243 -0.481 -0.252 -0.146  0.448  0.184  0.089 -0.598  0.067  0.411 -0.371 -0.101  0.148 -0.204 -0.210 -0.258  0.288  0.459 -0.114  0.429 -0.243 -0.481 -0.252 -0.146  0.448  0.184  0.089 -0.598
 -0.729 -0.091 -0.427  0.031  0.408 -0.426 -0.384  0.788  0.379  0.394  0.216 -0.008  0.256  0.336 -0.446 -0.313 -0.602  0.292 -0.504  0.622 -0.729 -0.091 -0.427  0.031  0.408 -0.426 -0.384  0.788  0.379  0.394  0.216 -0.008  0.256  0.336 -0.446 -0.313 -0.602  0.292 -0.504  0.622
 -0.390  0.404 -0.049 -0.554 -0.526 -0.568 -0.456  0.145 -0.010  0.627 -0.137  0.026  0.638  0.609  0.418  0.236  0.723 -0.423 -0.431  0.376 -0.390  0.404 -0.049 -0.554 -0.526 -0.568 -0.456  0.145 -0.010  0.627 -0.137  0.026  0.638  0.609  0.418  0.236  0.723 -0.423 -0.431  0.376
 -0.226  0.182  0.537  0.360  0.074 -0.042  0.090  0.578  0.118  0.306 -0.684  0.582  0.050  0.560 -0.233 -0.675 -0.720 -0.414 -0.413 -0.387 -0.226  0.182  0.537  0.360  0.074 -0.042  0.090  0.578  0.118  0.306 -0.684  0.582  0.050  0.560 -0.233 -0.675 -0.720 -0.414 -0.413 -0.387
 -0.339  0.318  0.471  0.448 -0.519  0.214  0.702  0.072  0.107  0.600 -0.260 -0.328  0.535 -0.014 -0.162 -0.508  0.672  0.587  0.248  0.523 -0.339  0.318  0.471  0.448 -0.519  0.214  0.702  0.072  0.107  0.600 -0.260 -0.328  0.535 -0.014 -0.162 -0.508  0.672  0.587  0.248  0.523
 -0.150  0.476 -0.180 -0.225 -0.618  0.158 -0.318  0.064  0.049  0.608 -0.568 -0.052 -0.023 -0.565  0.020 -0.274 -0.518 -0.329 -0.109  0.661 -0.150  0.476 -0.180 -0.225 -0.618  0.158 -0.318  0.064  0.049  0.608 -0.568 -0.052 -0.023 -0.565  0.020 -0.274 -0.518 -0.329 -0.109  0.661
  0.748  0.227  0.448  0.809 -0.700  0.400  0.794 -0.244  0.459  0.815  0.624  0.184 -0.700 -0.543  0.061 -0.035 -0.724 -0.066 -0.270  0.764  0.748  0.227  0.448  0.809 -0.700  0.400  0.794 -0.244  0.459  0.815  0.624  0.184 -0.700 -0.543  0.061 -0.035 -0.724 -0.066 -0.270  0.764
 -0.682  0.002  0.095  0.698  0.718 -0.675  0.093 -0.073  0.508  0.357  0.473 -0.570  0.447 -0.368  0.326  0.756  0.312 -0.251  0.707 -0.065 -0.682  0.002  0.095  0.698  0.718 -0.675  0.093 -0.073  0.508  0.357  0.473 -0.570  0.447 -0.368  0.326  0.756  0.312 -0.251  0.707 -0.065
  0.008  0.547  0.092  0.328  0.323 -0.366 -0.567 -0.444  0.355 -0.438 -0.399  0.515  0.404 -0.655  0.752 -0.579 -0.268  0.496  0.620 -0.385  0.008  0.547  0.092  0.328  0.323 -0.366 -0.567 -0.444  0.355 -0.438 -0.399  0.515  0.404 -0.655  0.752 -0.579 -0.268  0.496  0.620 -0.385
 -0.294  0.127 -0.338 -0.313  0.392 -0.148  0.063 -0.417 -0.113 -0.194 -0.482 -0.296  0.058 -0.429 -0.613  0.531  0.241 -0.508 -0.640  0.036 -0.294  0.127 -0.338 -0.313  0.392 -0.148  0.063 -0.417 -0.113 -0.194 -0.482 -0.296  0.058 -0.429 -0.613  0.531  0.241 -0.508 -0.640  0.036
  0.200 -0.021  0.358  0.352  0.218  0.130 -0.403  0.134 -0.036  0.185  0.252  0.168 -0.163  0.242  0.278 -0.064  0.232 -0.112 -0.339  0.380  0.200 -0.021  0.358  0.352  0.218  0.130 -0.403  0.134 -0.036  0.185  0.252  0.168 -0.163  0.242  0.278 -0.064  0.232 -0.112 -0.339  0.380
  0.249  0.127  0.653 -0.572  0.251  0.228 -0.613 -0.460  0.226  0.348 -0.559 -0.533  0.042  0.444 -0.092  0.241  0.082  0.525 -0.368 -0.357  0.249  0.127  0.653 -0.572  0.251  0.228 -0.613 -0.460  0.226  0.348 -0.559 -0.533  0.042  0.444 -0.092  0.241  0.082  0.525 -0.368 -0.357
 -0.366 -0.527 -0.213  0.296 -0.453 -0.766  0.665 -0.378  0.012  0.563  0.021 -0.446  0.195  0.613  0.335 -0.199 -0.231 -0.112 -0.408 -0.277 -0.366 -0.527 -0.213  0.296 -0.453 -0.766  0.665 -0.378  0.012  0.563  0.021 -0.446  0.195  0.613  0.335 -0.199 -0.231 -0.112 -0.408 -0.277
  0.241  0.615  0.590 -0.006 -0.279 -0.112  0.112 -0.624  0.278 -0.092 -0.186 -0.253 -0.204  0.400 -0.001  0.244 -0.578  0.026 -0.299  0.385  0.241  0.615  0.590 -0.006 -0.279 -0.112  0.112 -0.624  0.278 -0.092 -0.186 -0.253 -0.204  0.400 -0.001  0.244 -0.578  0.026 -0.299  0.385
  0.341 -0.175 -0.296 -0.058  0.426 -0.387  0.418  0.122  0.058 -0.004  0.289  0.081 -0.385 -0.212 -0.364 -0.245 -0.130 -0.104 -0.556 -0.361  0.341 -0.175 -0.296 -0.058  0.426 -0.387  0.418  0.122  0.058 -0.004  0.289  0.081 -0.385 -0.212 -0.364 -0.245 -0.130 -0.104 -0.556 -0.361
 -0.080 -0.081 -0.327  0.577 -0.229  0.439 -0.206 -0.419 -0.532 -0.471  0.150  0.579  0.131 -0.094 -0.358  0.134 -0.007  0.168  0.033 -0.114 -0.080 -0.081 -0.327  0.577 -0.229  0.439 -0.206 -0.419 -0.532 -0.471  0.150  0.579  0.131 -0.094 -0.358  0.134 -0.007  0.168  0.033 -0.114
  0.421 -0.249 -0.604 -0.099  0.509  0.421 -0.103  0.586 -0.742  0.383  0.736  0.030 -0.142  0.167  0.664  0.586  0.309  0.312 -0.114 -0.245  0.421 -0.249 -0.604 -0.099  0.509  0.421 -0.103  0.586 -0.742  0.383  0.736  0.030 -0.142  0.167  0.664  0.586  0.309  0.312 -0.114 -0.245
  0.763  0.246  0.308 -0.570 -0.066  0.765 -0.234  0.708 -0.369  0.322 -0.255  0.562 -0.217 -0.310 -0.113 -0.800  0.378 -0.035  0.637  0.419  0.763  0.246  0.308 -0.570 -0.066  0.765 -0.234  0.708 -0.369  0.322 -0.255  0.562 -0.217 -0.310 -0.113 -0.800  0.378 -0.035  0.637  0.419
  0.077 -0.224  0.077  0.171  0.560 -0.391 -0.353 -0.279  0.551 -0.156 -0.042 -0.513  0.689 -0.130 -0.558  0.655  0.444  0.103 -0.614  0.026  0.077 -0.224  0.077  0.171  0.560 -0.391 -0.353 -0.279  0.551 -0.156 -0.042 -0.513  0.689 -0.130 -0.558  0.655  0.444  0.103 -0.614  0.026
 -0.624 -0.124 -0.726  0.791  0.447  0.782  0.248  0.138 -0.098 -0.277 -0.697 -0.408  0.718  0.416 -0.136  0.197 -0.370  0.308  0.721 -0.069 -0.624 -0.124 -0.726  0.791  0.447  0.782  0.248  0.138 -0.098 -0.277 -0.697 -0.408  0.718  0.416 -0.136  0.197 -0.370  0.308  0.721 -0.069
 -0.215  0.102  0.118  0.273 -0.038  0.332  0.384  0.257 -0.182 -0.159 -0.229 -0.273 -0.354 -0.261  0.320  0.270  0.108 -0.235  0.106  0.075 -0.215  0.102  0.118  0.273 -0.038  0.332  0.384  0.257 -0.182 -0.159 -0.229 -0.273 -0.354 -0.261  0.320  0.270  0.108 -0.235  0.106  0.075
 -0.535  0.491 -0.031 -0.039  0.212  0.420 -0.020 -0.214  0.378 -0.296 -0.539  0.585 -0.141  0.653  0.339  0.087 -0.729 -0.603  0.428  0.088 -0.535  0.491 -0.031 -0.039  0.212  0.420 -0.020 -0.214  0.378 -0.296 -0.539  0.585 -0.141  0.653  0.339  0.087 -0.729 -0.603  0.428  0.088
 -0.006 -0.139 -0.521  0.283  0.571  0.511 -0.564 -0.102  0.251  0.250  0.201  0.229 -0.264 -0.327  0.557  0.177  0.453 -0.363  0.471 -0.554 -0.006 -0.139 -0.521  0.283  0.571  0.511 -0.564 -0.102  0.251  0.250  0.201  0.229 -0.264 -0.327  0.557  0.177  0.453 -0.363  0.471 -0.554
 -0.046 -0.578 -0.024 -0.585  0.301  0.626  0.152 -0.777  0.058 -0.768 -0.189 -0.176  0.257  0.042  0.673 -0.189  0.279  0.635 -0.083  0.380 -0.046 -0.578 -0.024 -0.585  0.301  0.626  0.152 -0.777  0.058 -0.768 -0.189 -0.176  0.257  0.042  0.673 -0.189  0.279  0.635 -0.083  0.380


>> Numero de clusteres: 55. Numero de vectores en cada cluster:

  1758  1859  6326  1751  1721  1017  3661  1798  1729  1812
  9900  2836  1719  3452  1922  1668 11833  4393  5205  5272
  5232  3644  6254  1674  7290  1767  6158  5324  2809  3652
  2931  9030  3486  1821  3500  3469  5263  1681  2801  1795
  4614   988  4521  4542  7288  6467  7998  4436  1801  3503
  1753  1013  4525  5093  1885


>> Densidad de los clusters: a[i]

     0.96     1.23     2.34     0.94     0.86     4.53     2.55     1.07     0.87     1.11
     1.36     1.01     0.85     1.80     1.37     0.69     0.48     1.42     2.75     2.97
     2.59     1.90     2.11     0.71     1.69     0.98     1.83     2.89     0.97     2.47
     1.18     1.05     1.60     1.13     2.16     1.79     2.94     0.74     0.96     1.06
     1.60     4.53     2.22     1.70     1.53     1.86     2.10     2.08     1.07     2.15
     0.94     4.51     1.53     2.85     1.29


>> Analisis de campos (medianas) en los grupos

Campo:  0 - mmax: 0.52 (grupo  5) - mmin: 0.48 (grupo  0)
Campo:  1 - mmax: 0.52 (grupo 48) - mmin: 0.48 (grupo 39)
Campo:  2 - mmax: 0.52 (grupo  1) - mmin: 0.46 (grupo  5)
Campo:  3 - mmax: 0.52 (grupo 15) - mmin: 0.48 (grupo  8)
Campo:  4 - mmax: 0.53 (grupo 41) - mmin: 0.48 (grupo 12)
Campo:  5 - mmax: 0.52 (grupo  6) - mmin: 0.47 (grupo 54)
Campo:  6 - mmax: 0.53 (grupo  8) - mmin: 0.47 (grupo 11)
Campo:  7 - mmax: 0.54 (grupo 51) - mmin: 0.47 (grupo  8)
Campo:  8 - mmax: 0.52 (grupo  7) - mmin: 0.47 (grupo  3)
Campo:  9 - mmax: 0.53 (grupo  0) - mmin: 0.48 (grupo  7)
Campo: 10 - mmax: 0.52 (grupo  9) - mmin: 0.47 (grupo  5)
Campo: 11 - mmax: 0.53 (grupo 14) - mmin: 0.48 (grupo 15)
Campo: 12 - mmax: 0.52 (grupo  0) - mmin: 0.46 (grupo  9)
Campo: 13 - mmax: 0.53 (grupo 54) - mmin: 0.48 (grupo  6)
Campo: 14 - mmax: 0.53 (grupo  7) - mmin: 0.48 (grupo  1)
Campo: 15 - mmax: 0.52 (grupo 12) - mmin: 0.47 (grupo 25)
Campo: 16 - mmax: 0.53 (grupo  5) - mmin: 0.47 (grupo 25)
Campo: 17 - mmax: 0.53 (grupo  5) - mmin: 0.48 (grupo  8)
Campo: 18 - mmax: 0.52 (grupo 11) - mmin: 0.48 (grupo  7)
Campo: 19 - mmax: 0.52 (grupo 15) - mmin: 0.48 (grupo  4)
Campo: 20 - mmax: 0.53 (grupo 51) - mmin: 0.47 (grupo 37)
Campo: 21 - mmax: 0.52 (grupo  9) - mmin: 0.48 (grupo 35)
Campo: 22 - mmax: 0.52 (grupo 25) - mmin: 0.47 (grupo 53)


